<?xml version="1.0" encoding="UTF-8"?>
<!-- Generated by org.testng.reporters.JUnitReportReporter -->
<testsuite hostname="LAPTOP-0TU96ML2" failures="0" tests="5" name="test.Testpet" time="30.019" errors="0" timestamp="2023-08-16T19:56:46 IST" skipped="0">
  <testcase classname="test.Testpet" name="test" time="2.344"/>
  <system-out/>
  <testcase classname="test.Testpet" name="test2" time="11.811"/>
  <system-out/>
  <testcase classname="test.Testpet" name="test4" time="3.503"/>
  <system-out/>
  <testcase classname="test.Testpet" name="test3" time="7.350"/>
  <system-out/>
  <testcase classname="test.Testpet" name="test1" time="5.011"/>
  <system-out/>
</testsuite> <!-- test.Testpet -->
